<?xml version="1.0" encoding="UTF-8"?>
<!-- Generated by org.testng.reporters.JUnitReportReporter -->
<testsuite hostname="DESKTOP-UILR0OR" name="scripts.VerifyActitimeVersion" tests="2" failures="0" timestamp="11 Aug 2019 10:02:46 GMT" time="51.022" errors="0">
  <testcase name="login" time="27.634" classname="scripts.VerifyActitimeVersion"/>
  <testcase name="login" time="23.388" classname="scripts.VerifyActitimeVersion"/>
</testsuite> <!-- scripts.VerifyActitimeVersion -->
